Using pre-set license
Built from '2020.3/staging' branch; Version is '2020.3.9f1 (108be757e447) revision 1084391'; Using compiler version '192528614'; Build Type 'Release'
OS: 'Windows 10 Home; OS build 19043.1237; Version 2009; 64bit' Language: 'en' Physical Memory: 98295 MB
BatchMode: 1, IsHumanControllingUs: 0, StartBugReporterOnCrash: 0, Is64bit: 1, IsPro: 0

 COMMAND LINE ARGUMENTS:
C:\Program Files\Unity\Hub\Editor\2020.3.9f1\Editor\Unity.exe
-adb2
-batchMode
-noUpm
-name
AssetImportWorker16
-projectPath
C:/Users/SuperGeorge/OpenWorld (1)
-logFile
Logs/AssetImportWorker16.log
-srvPort
57559
Successfully changed project path to: C:/Users/SuperGeorge/OpenWorld (1)
C:/Users/SuperGeorge/OpenWorld (1)
Using Asset Import Pipeline V2.
Refreshing native plugins compatible for Editor in 300.43 ms, found 2 plugins.
Preloading 0 native plugins for Editor in 0.00 ms.
Initialize engine version: 2020.3.9f1 (108be757e447)
[Subsystems] Discovering subsystems at path C:/Program Files/Unity/Hub/Editor/2020.3.9f1/Editor/Data/Resources/UnitySubsystems
[Subsystems] Discovering subsystems at path C:/Users/SuperGeorge/OpenWorld (1)/Assets
GfxDevice: creating device client; threaded=0
Direct3D:
    Version:  Direct3D 11.0 [level 11.1]
    Renderer: NVIDIA GeForce GTX 980 Ti (ID=0x17c8)
    Vendor:   
    VRAM:     6097 MB
    Driver:   30.0.14.7196
Shader 'Universal Render Pipeline/Particles/Lit': fallback shader 'Universal Render Pipeline/Particles/SimpleLit' not found
Initialize mono
Mono path[0] = 'C:/Program Files/Unity/Hub/Editor/2020.3.9f1/Editor/Data/Managed'
Mono path[1] = 'C:/Program Files/Unity/Hub/Editor/2020.3.9f1/Editor/Data/MonoBleedingEdge/lib/mono/unityjit'
Mono config path = 'C:/Program Files/Unity/Hub/Editor/2020.3.9f1/Editor/Data/MonoBleedingEdge/etc'
Using monoOptions --debugger-agent=transport=dt_socket,embedding=1,server=y,suspend=n,address=127.0.0.1:56104
Begin MonoManager ReloadAssembly
Registering precompiled unity dll's ...
Register platform support module: C:/Program Files/Unity/Hub/Editor/2020.3.9f1/Editor/Data/PlaybackEngines/WebGLSupport/UnityEditor.WebGL.Extensions.dll
Register platform support module: C:/Program Files/Unity/Hub/Editor/2020.3.9f1/Editor/Data/PlaybackEngines/MacStandaloneSupport/UnityEditor.OSXStandalone.Extensions.dll
Register platform support module: C:/Program Files/Unity/Hub/Editor/2020.3.9f1/Editor/Data/PlaybackEngines/WindowsStandaloneSupport/UnityEditor.WindowsStandalone.Extensions.dll
Register platform support module: C:/Program Files/Unity/Hub/Editor/2020.3.9f1/Editor/Data/PlaybackEngines/LinuxStandaloneSupport/UnityEditor.LinuxStandalone.Extensions.dll
Register platform support module: C:/Program Files/Unity/Hub/Editor/2020.3.9f1/Editor/Data/PlaybackEngines/LuminSupport/UnityEditor.Lumin.Extensions.dll
Registered in 0.006598 seconds.
Native extension for Lumin target not found
Native extension for LinuxStandalone target not found
Native extension for WindowsStandalone target not found
Native extension for OSXStandalone target not found
Native extension for WebGL target not found
Refreshing native plugins compatible for Editor in 245.09 ms, found 2 plugins.
Preloading 0 native plugins for Editor in 0.00 ms.
Mono: successfully reloaded assembly
- Completed reload, in  2.496 seconds
Platform modules already initialized, skipping
Registering precompiled user dll's ...
Registered in 0.019955 seconds.
Begin MonoManager ReloadAssembly
Native extension for Lumin target not found
Native extension for LinuxStandalone target not found
Native extension for WindowsStandalone target not found
Native extension for OSXStandalone target not found
Native extension for WebGL target not found
Refreshing native plugins compatible for Editor in 275.81 ms, found 2 plugins.
Preloading 0 native plugins for Editor in 0.00 ms.
Refreshing native plugins compatible for Editor in 2.60 ms, found 2 plugins.
Find all reader and writers took 222 milliseconds
Script Module: UnityEngine.UI.dll
Weave behaviours and messages took123 milliseconds
Find all reader and writers took 179 milliseconds
Script Module: Unity.RenderPipelines.Core.Runtime.dll
Weave behaviours and messages took102 milliseconds
Find all reader and writers took 180 milliseconds
Script Module: UnityEngine.TestRunner.dll
Weave behaviours and messages took51 milliseconds
Find all reader and writers took 202 milliseconds
Script Module: Unity.Mathematics.dll
Weave behaviours and messages took341 milliseconds
Find all reader and writers took 168 milliseconds
Script Module: SimpleWebTransport.dll
Weave behaviours and messages took10 milliseconds
Find all reader and writers took 209 milliseconds
Script Module: Unity.Multiplayer.MLAPI.Runtime.dll
Weave behaviours and messages took76 milliseconds
Find all reader and writers took 222 milliseconds
Script Module: Unity.RenderPipelines.Universal.Runtime.dll
Weave behaviours and messages took106 milliseconds
Find all reader and writers took 177 milliseconds
Script Module: Unity.Animation.Rigging.dll
Weave behaviours and messages took30 milliseconds
Find all reader and writers took 192 milliseconds
Script Module: Assembly-CSharp.dll
Weave behaviours and messages took58 milliseconds
Find all reader and writers took 170 milliseconds
Script Module: Unity.Burst.dll
Weave behaviours and messages took61 milliseconds
Find all reader and writers took 241 milliseconds
Script Module: Unity.TextMeshPro.dll
Weave behaviours and messages took154 milliseconds
Find all reader and writers took 182 milliseconds
Script Module: NavMeshComponentsTestsPlaymode.dll
Weave behaviours and messages took3 milliseconds
Find all reader and writers took 175 milliseconds
Script Module: Unity.ProBuilder.Poly2Tri.dll
Weave behaviours and messages took19 milliseconds
Find all reader and writers took 187 milliseconds
Script Module: Cinemachine.dll
Weave behaviours and messages took80 milliseconds
Find all reader and writers took 211 milliseconds
Script Module: Unity.Timeline.dll
Weave behaviours and messages took52 milliseconds
Find all reader and writers took 222 milliseconds
Script Module: Unity.ProBuilder.dll
Weave behaviours and messages took136 milliseconds
Find all reader and writers took 175 milliseconds
Script Module: Telepathy.dll
Weave behaviours and messages took4 milliseconds
Find all reader and writers took 197 milliseconds
Script Module: Unity.ProGrids.dll
Weave behaviours and messages took0 milliseconds
Find all reader and writers took 187 milliseconds
Script Module: Unity.ProBuilder.Csg.dll
Weave behaviours and messages took4 milliseconds
Find all reader and writers took 195 milliseconds
Script Module: NavMeshComponentsExamples.dll
Weave behaviours and messages took8 milliseconds
Find all reader and writers took 175 milliseconds
Script Module: kcp2k.dll
Weave behaviours and messages took14 milliseconds
Find all reader and writers took 172 milliseconds
Script Module: Unity.ProBuilder.KdTree.dll
Weave behaviours and messages took7 milliseconds
Find all reader and writers took 165 milliseconds
Script Module: Unity.RenderPipelines.Core.ShaderLibrary.dll
Weave behaviours and messages took0 milliseconds
Find all reader and writers took 204 milliseconds
Script Module: Unity.Analytics.DataPrivacy.dll
Weave behaviours and messages took0 milliseconds
Find all reader and writers took 214 milliseconds
Script Module: Unity.RenderPipeline.Universal.ShaderLibrary.dll
Weave behaviours and messages took0 milliseconds
Find all reader and writers took 182 milliseconds
Script Module: NavMeshComponents.dll
Weave behaviours and messages took6 milliseconds
Find all reader and writers took 194 milliseconds
Script Module: Unity.Multiplayer.MLAPI.Prototyping.dll
Weave behaviours and messages took7 milliseconds
Find all reader and writers took 166 milliseconds
Script Module: Unity.Analytics.DataPrivacy.Tests.dll
Weave behaviours and messages took0 milliseconds
Find all reader and writers took 166 milliseconds
Script Module: Unity.ProBuilder.Stl.dll
Weave behaviours and messages took5 milliseconds
Find all reader and writers took 186 milliseconds
Script Module: Unity.RenderPipelines.Universal.Shaders.dll
Weave behaviours and messages took0 milliseconds
Find all reader and writers took 176 milliseconds
Script Module: Unity.RenderPipelines.ShaderGraph.ShaderGraphLibrary.dll
Weave behaviours and messages took0 milliseconds
Find all reader and writers took 206 milliseconds
Script Module: com.unity.cinemachine.editor.dll
Weave behaviours and messages took58 milliseconds
Find all reader and writers took 213 milliseconds
Script Module: UnityEditor.TestRunner.dll
Weave behaviours and messages took70 milliseconds
